2025-04-18 14:09:07.144 [background-preinit] INFO  o.h.validator.internal.util.Version - HV000001: Hibernate Validator 8.0.2.Final
2025-04-18 14:09:07.210 [main] INFO  b.d.s.SearchThinkDemoApplication - Starting SearchThinkDemoApplication using Java 17.0.12 with PID 32720 (E:\Users\22190\Desktop\SearchThinkDemo\target\classes started by 22190 in E:\Users\22190\Desktop\SearchThinkDemo)
2025-04-18 14:09:07.211 [main] INFO  b.d.s.SearchThinkDemoApplication - The following 1 profile is active: "dev"
2025-04-18 14:09:08.025 [main] WARN  o.s.b.w.s.c.AnnotationConfigServletWebServerApplicationContext - Exception encountered during context initialization - cancelling refresh attempt: org.springframework.beans.factory.BeanDefinitionStoreException: Invalid bean definition with name 'STBlogMapper' defined in file [E:\Users\22190\Desktop\SearchThinkDemo\target\classes\bai\demo\searchThink\mapper\STBlogMapper.class]: Invalid value type for attribute 'factoryBeanObjectType': java.lang.String
2025-04-18 14:09:08.037 [main] INFO  o.s.b.a.l.ConditionEvaluationReportLogger - 

Error starting ApplicationContext. To display the condition evaluation report re-run your application with 'debug' enabled.
2025-04-18 14:09:08.053 [main] ERROR o.s.boot.SpringApplication - Application run failed
org.springframework.beans.factory.BeanDefinitionStoreException: Invalid bean definition with name 'STBlogMapper' defined in file [E:\Users\22190\Desktop\SearchThinkDemo\target\classes\bai\demo\searchThink\mapper\STBlogMapper.class]: Invalid value type for attribute 'factoryBeanObjectType': java.lang.String
	at org.springframework.beans.factory.support.AbstractAutowireCapableBeanFactory.getTypeForFactoryBean(AbstractAutowireCapableBeanFactory.java:858)
	at org.springframework.beans.factory.support.AbstractBeanFactory.getType(AbstractBeanFactory.java:745)
	at org.springframework.beans.factory.support.DefaultListableBeanFactory.findAnnotationOnBean(DefaultListableBeanFactory.java:791)
	at org.springframework.boot.sql.init.dependency.AnnotationDependsOnDatabaseInitializationDetector.detect(AnnotationDependsOnDatabaseInitializationDetector.java:36)
	at org.springframework.boot.sql.init.dependency.DatabaseInitializationDependencyConfigurer$DependsOnDatabaseInitializationPostProcessor.detectDependsOnInitializationBeanNames(DatabaseInitializationDependencyConfigurer.java:152)
	at org.springframework.boot.sql.init.dependency.DatabaseInitializationDependencyConfigurer$DependsOnDatabaseInitializationPostProcessor.postProcessBeanFactory(DatabaseInitializationDependencyConfigurer.java:115)
	at org.springframework.context.support.PostProcessorRegistrationDelegate.invokeBeanFactoryPostProcessors(PostProcessorRegistrationDelegate.java:363)
	at org.springframework.context.support.PostProcessorRegistrationDelegate.invokeBeanFactoryPostProcessors(PostProcessorRegistrationDelegate.java:197)
	at org.springframework.context.support.AbstractApplicationContext.invokeBeanFactoryPostProcessors(AbstractApplicationContext.java:791)
	at org.springframework.context.support.AbstractApplicationContext.refresh(AbstractApplicationContext.java:609)
	at org.springframework.boot.web.servlet.context.ServletWebServerApplicationContext.refresh(ServletWebServerApplicationContext.java:146)
	at org.springframework.boot.SpringApplication.refresh(SpringApplication.java:752)
	at org.springframework.boot.SpringApplication.refreshContext(SpringApplication.java:439)
	at org.springframework.boot.SpringApplication.run(SpringApplication.java:318)
	at org.springframework.boot.SpringApplication.run(SpringApplication.java:1361)
	at org.springframework.boot.SpringApplication.run(SpringApplication.java:1350)
	at bai.demo.searchThink.SearchThinkDemoApplication.main(SearchThinkDemoApplication.java:10)
2025-04-18 14:12:17.548 [background-preinit] INFO  o.h.validator.internal.util.Version - HV000001: Hibernate Validator 8.0.2.Final
2025-04-18 14:12:17.595 [main] INFO  b.d.s.SearchThinkDemoApplication - Starting SearchThinkDemoApplication using Java 17.0.12 with PID 34120 (E:\Users\22190\Desktop\SearchThinkDemo\target\classes started by 22190 in E:\Users\22190\Desktop\SearchThinkDemo)
2025-04-18 14:12:17.595 [main] INFO  b.d.s.SearchThinkDemoApplication - The following 1 profile is active: "dev"
2025-04-18 14:12:18.371 [main] WARN  o.s.b.w.s.c.AnnotationConfigServletWebServerApplicationContext - Exception encountered during context initialization - cancelling refresh attempt: org.springframework.beans.factory.BeanDefinitionStoreException: Invalid bean definition with name 'STBlogMapper' defined in file [E:\Users\22190\Desktop\SearchThinkDemo\target\classes\bai\demo\searchThink\mapper\STBlogMapper.class]: Invalid value type for attribute 'factoryBeanObjectType': java.lang.String
2025-04-18 14:12:18.378 [main] INFO  o.s.b.a.l.ConditionEvaluationReportLogger - 

Error starting ApplicationContext. To display the condition evaluation report re-run your application with 'debug' enabled.
2025-04-18 14:12:18.393 [main] ERROR o.s.boot.SpringApplication - Application run failed
org.springframework.beans.factory.BeanDefinitionStoreException: Invalid bean definition with name 'STBlogMapper' defined in file [E:\Users\22190\Desktop\SearchThinkDemo\target\classes\bai\demo\searchThink\mapper\STBlogMapper.class]: Invalid value type for attribute 'factoryBeanObjectType': java.lang.String
	at org.springframework.beans.factory.support.AbstractAutowireCapableBeanFactory.getTypeForFactoryBean(AbstractAutowireCapableBeanFactory.java:858)
	at org.springframework.beans.factory.support.AbstractBeanFactory.getType(AbstractBeanFactory.java:745)
	at org.springframework.beans.factory.support.DefaultListableBeanFactory.findAnnotationOnBean(DefaultListableBeanFactory.java:791)
	at org.springframework.boot.sql.init.dependency.AnnotationDependsOnDatabaseInitializationDetector.detect(AnnotationDependsOnDatabaseInitializationDetector.java:36)
	at org.springframework.boot.sql.init.dependency.DatabaseInitializationDependencyConfigurer$DependsOnDatabaseInitializationPostProcessor.detectDependsOnInitializationBeanNames(DatabaseInitializationDependencyConfigurer.java:152)
	at org.springframework.boot.sql.init.dependency.DatabaseInitializationDependencyConfigurer$DependsOnDatabaseInitializationPostProcessor.postProcessBeanFactory(DatabaseInitializationDependencyConfigurer.java:115)
	at org.springframework.context.support.PostProcessorRegistrationDelegate.invokeBeanFactoryPostProcessors(PostProcessorRegistrationDelegate.java:363)
	at org.springframework.context.support.PostProcessorRegistrationDelegate.invokeBeanFactoryPostProcessors(PostProcessorRegistrationDelegate.java:197)
	at org.springframework.context.support.AbstractApplicationContext.invokeBeanFactoryPostProcessors(AbstractApplicationContext.java:791)
	at org.springframework.context.support.AbstractApplicationContext.refresh(AbstractApplicationContext.java:609)
	at org.springframework.boot.web.servlet.context.ServletWebServerApplicationContext.refresh(ServletWebServerApplicationContext.java:146)
	at org.springframework.boot.SpringApplication.refresh(SpringApplication.java:752)
	at org.springframework.boot.SpringApplication.refreshContext(SpringApplication.java:439)
	at org.springframework.boot.SpringApplication.run(SpringApplication.java:318)
	at org.springframework.boot.SpringApplication.run(SpringApplication.java:1361)
	at org.springframework.boot.SpringApplication.run(SpringApplication.java:1350)
	at bai.demo.searchThink.SearchThinkDemoApplication.main(SearchThinkDemoApplication.java:12)
2025-04-18 14:14:16.364 [background-preinit] INFO  o.h.validator.internal.util.Version - HV000001: Hibernate Validator 8.0.2.Final
2025-04-18 14:14:16.419 [main] INFO  b.d.s.SearchThinkDemoApplication - Starting SearchThinkDemoApplication using Java 17.0.12 with PID 32888 (E:\Users\22190\Desktop\SearchThinkDemo\target\classes started by 22190 in E:\Users\22190\Desktop\SearchThinkDemo)
2025-04-18 14:14:16.420 [main] INFO  b.d.s.SearchThinkDemoApplication - The following 1 profile is active: "dev"
2025-04-18 14:14:17.513 [main] INFO  o.s.b.w.e.tomcat.TomcatWebServer - Tomcat initialized with port 8088 (http)
2025-04-18 14:14:17.523 [main] INFO  o.a.coyote.http11.Http11NioProtocol - Initializing ProtocolHandler ["http-nio-8088"]
2025-04-18 14:14:17.524 [main] INFO  o.a.catalina.core.StandardService - Starting service [Tomcat]
2025-04-18 14:14:17.524 [main] INFO  o.a.catalina.core.StandardEngine - Starting Servlet engine: [Apache Tomcat/10.1.39]
2025-04-18 14:14:17.593 [main] INFO  o.a.c.c.C.[.[localhost].[/api] - Initializing Spring embedded WebApplicationContext
2025-04-18 14:14:17.594 [main] INFO  o.s.b.w.s.c.ServletWebServerApplicationContext - Root WebApplicationContext: initialization completed in 1131 ms
2025-04-18 14:14:17.643 [main] WARN  o.s.b.w.s.c.AnnotationConfigServletWebServerApplicationContext - Exception encountered during context initialization - cancelling refresh attempt: org.springframework.beans.factory.BeanCreationException: Error creating bean with name 'STBlogController': Injection of resource dependencies failed
2025-04-18 14:14:17.646 [main] INFO  o.a.catalina.core.StandardService - Stopping service [Tomcat]
2025-04-18 14:14:17.679 [main] INFO  o.s.b.a.l.ConditionEvaluationReportLogger - 

Error starting ApplicationContext. To display the condition evaluation report re-run your application with 'debug' enabled.
2025-04-18 14:14:17.694 [main] ERROR o.s.b.d.LoggingFailureAnalysisReporter - 

***************************
APPLICATION FAILED TO START
***************************

Description:

A component required a single bean, but 2 were found:
	- STBlogServiceImpl: defined in file [E:\Users\22190\Desktop\SearchThinkDemo\target\classes\bai\demo\searchThink\service\impl\STBlogServiceImpl.class]
	- ISTBlogService: defined in file [E:\Users\22190\Desktop\SearchThinkDemo\target\classes\bai\demo\searchThink\service\ISTBlogService.class]

This may be due to missing parameter name information

Action:

Consider marking one of the beans as @Primary, updating the consumer to accept multiple beans, or using @Qualifier to identify the bean that should be consumed

Ensure that your compiler is configured to use the '-parameters' flag.
You may need to update both your build tool settings as well as your IDE.
(See https://github.com/spring-projects/spring-framework/wiki/Upgrading-to-Spring-Framework-6.x#parameter-name-retention)


2025-04-18 14:15:37.580 [background-preinit] INFO  o.h.validator.internal.util.Version - HV000001: Hibernate Validator 8.0.2.Final
2025-04-18 14:15:37.632 [main] INFO  b.d.s.SearchThinkDemoApplication - Starting SearchThinkDemoApplication using Java 17.0.12 with PID 33952 (E:\Users\22190\Desktop\SearchThinkDemo\target\classes started by 22190 in E:\Users\22190\Desktop\SearchThinkDemo)
2025-04-18 14:15:37.633 [main] INFO  b.d.s.SearchThinkDemoApplication - The following 1 profile is active: "dev"
2025-04-18 14:15:38.673 [main] INFO  o.s.b.w.e.tomcat.TomcatWebServer - Tomcat initialized with port 8088 (http)
2025-04-18 14:15:38.684 [main] INFO  o.a.coyote.http11.Http11NioProtocol - Initializing ProtocolHandler ["http-nio-8088"]
2025-04-18 14:15:38.685 [main] INFO  o.a.catalina.core.StandardService - Starting service [Tomcat]
2025-04-18 14:15:38.685 [main] INFO  o.a.catalina.core.StandardEngine - Starting Servlet engine: [Apache Tomcat/10.1.39]
2025-04-18 14:15:38.752 [main] INFO  o.a.c.c.C.[.[localhost].[/api] - Initializing Spring embedded WebApplicationContext
2025-04-18 14:15:38.753 [main] INFO  o.s.b.w.s.c.ServletWebServerApplicationContext - Root WebApplicationContext: initialization completed in 1076 ms
2025-04-18 14:15:38.852 [main] INFO  c.g.y.a.MybatisPlusJoinAutoConfiguration - mybatis plus join properties config complete
2025-04-18 14:15:38.966 [main] INFO  c.g.y.a.MybatisPlusJoinAutoConfiguration - mybatis plus join SqlInjector init
2025-04-18 14:15:39.627 [main] INFO  o.a.coyote.http11.Http11NioProtocol - Starting ProtocolHandler ["http-nio-8088"]
2025-04-18 14:15:39.644 [main] INFO  o.s.b.w.e.tomcat.TomcatWebServer - Tomcat started on port 8088 (http) with context path '/api'
2025-04-18 14:15:39.652 [main] INFO  b.d.s.SearchThinkDemoApplication - Started SearchThinkDemoApplication in 2.561 seconds (process running for 3.137)
2025-04-18 14:16:06.677 [http-nio-8088-exec-2] INFO  o.a.c.c.C.[.[localhost].[/api] - Initializing Spring DispatcherServlet 'dispatcherServlet'
2025-04-18 14:16:06.678 [http-nio-8088-exec-2] INFO  o.s.web.servlet.DispatcherServlet - Initializing Servlet 'dispatcherServlet'
2025-04-18 14:16:06.679 [http-nio-8088-exec-2] INFO  o.s.web.servlet.DispatcherServlet - Completed initialization in 1 ms
2025-04-18 14:16:07.129 [http-nio-8088-exec-10] ERROR b.d.s.e.BaseExceptionHandler - 系统异常：Handler dispatch failed: java.lang.NoSuchMethodError: 'void org.springframework.web.method.ControllerAdviceBean.<init>(java.lang.Object)'
2025-04-18 14:18:32.535 [SpringApplicationShutdownHook] INFO  o.s.b.w.e.tomcat.GracefulShutdown - Commencing graceful shutdown. Waiting for active requests to complete
2025-04-18 14:18:32.966 [tomcat-shutdown] INFO  o.s.b.w.e.tomcat.GracefulShutdown - Graceful shutdown complete
2025-04-18 14:18:32.969 [SpringApplicationShutdownHook] INFO  c.alibaba.druid.pool.DruidDataSource - {dataSource-0} closing ...
2025-04-18 14:18:34.999 [background-preinit] INFO  o.h.validator.internal.util.Version - HV000001: Hibernate Validator 8.0.2.Final
2025-04-18 14:18:35.044 [main] INFO  b.d.s.SearchThinkDemoApplication - Starting SearchThinkDemoApplication using Java 17.0.12 with PID 32832 (E:\Users\22190\Desktop\SearchThinkDemo\target\classes started by 22190 in E:\Users\22190\Desktop\SearchThinkDemo)
2025-04-18 14:18:35.045 [main] INFO  b.d.s.SearchThinkDemoApplication - The following 1 profile is active: "dev"
2025-04-18 14:18:36.102 [main] INFO  o.s.b.w.e.tomcat.TomcatWebServer - Tomcat initialized with port 5418 (http)
2025-04-18 14:18:36.112 [main] INFO  o.a.coyote.http11.Http11NioProtocol - Initializing ProtocolHandler ["http-nio-5418"]
2025-04-18 14:18:36.113 [main] INFO  o.a.catalina.core.StandardService - Starting service [Tomcat]
2025-04-18 14:18:36.113 [main] INFO  o.a.catalina.core.StandardEngine - Starting Servlet engine: [Apache Tomcat/10.1.39]
2025-04-18 14:18:36.186 [main] INFO  o.a.c.c.C.[.[localhost].[/api] - Initializing Spring embedded WebApplicationContext
2025-04-18 14:18:36.186 [main] INFO  o.s.b.w.s.c.ServletWebServerApplicationContext - Root WebApplicationContext: initialization completed in 1099 ms
2025-04-18 14:18:36.274 [main] INFO  c.g.y.a.MybatisPlusJoinAutoConfiguration - mybatis plus join properties config complete
2025-04-18 14:18:36.373 [main] INFO  c.g.y.a.MybatisPlusJoinAutoConfiguration - mybatis plus join SqlInjector init
2025-04-18 14:18:37.101 [main] INFO  o.a.coyote.http11.Http11NioProtocol - Starting ProtocolHandler ["http-nio-5418"]
2025-04-18 14:18:37.118 [main] INFO  o.s.b.w.e.tomcat.TomcatWebServer - Tomcat started on port 5418 (http) with context path '/api'
2025-04-18 14:18:37.126 [main] INFO  b.d.s.SearchThinkDemoApplication - Started SearchThinkDemoApplication in 2.582 seconds (process running for 3.143)
2025-04-18 14:18:43.254 [http-nio-5418-exec-1] INFO  o.a.c.c.C.[.[localhost].[/api] - Initializing Spring DispatcherServlet 'dispatcherServlet'
2025-04-18 14:18:43.254 [http-nio-5418-exec-1] INFO  o.s.web.servlet.DispatcherServlet - Initializing Servlet 'dispatcherServlet'
2025-04-18 14:18:43.256 [http-nio-5418-exec-1] INFO  o.s.web.servlet.DispatcherServlet - Completed initialization in 2 ms
2025-04-18 14:18:43.853 [http-nio-5418-exec-6] ERROR b.d.s.e.BaseExceptionHandler - 系统异常：Handler dispatch failed: java.lang.NoSuchMethodError: 'void org.springframework.web.method.ControllerAdviceBean.<init>(java.lang.Object)'
2025-04-18 14:21:36.406 [SpringApplicationShutdownHook] INFO  o.s.b.w.e.tomcat.GracefulShutdown - Commencing graceful shutdown. Waiting for active requests to complete
2025-04-18 14:21:36.814 [tomcat-shutdown] INFO  o.s.b.w.e.tomcat.GracefulShutdown - Graceful shutdown complete
2025-04-18 14:21:36.817 [SpringApplicationShutdownHook] INFO  c.alibaba.druid.pool.DruidDataSource - {dataSource-0} closing ...
2025-04-18 14:21:42.851 [background-preinit] INFO  o.h.validator.internal.util.Version - HV000001: Hibernate Validator 8.0.2.Final
2025-04-18 14:21:42.900 [main] INFO  b.d.s.SearchThinkDemoApplication - Starting SearchThinkDemoApplication using Java 17.0.12 with PID 5864 (E:\Users\22190\Desktop\SearchThinkDemo\target\classes started by 22190 in E:\Users\22190\Desktop\SearchThinkDemo)
2025-04-18 14:21:42.900 [main] INFO  b.d.s.SearchThinkDemoApplication - The following 1 profile is active: "dev"
2025-04-18 14:21:43.945 [main] INFO  o.s.b.w.e.tomcat.TomcatWebServer - Tomcat initialized with port 5418 (http)
2025-04-18 14:21:43.955 [main] INFO  o.a.coyote.http11.Http11NioProtocol - Initializing ProtocolHandler ["http-nio-5418"]
2025-04-18 14:21:43.957 [main] INFO  o.a.catalina.core.StandardService - Starting service [Tomcat]
2025-04-18 14:21:43.957 [main] INFO  o.a.catalina.core.StandardEngine - Starting Servlet engine: [Apache Tomcat/10.1.39]
2025-04-18 14:21:44.029 [main] INFO  o.a.c.c.C.[.[localhost].[/api] - Initializing Spring embedded WebApplicationContext
2025-04-18 14:21:44.029 [main] INFO  o.s.b.w.s.c.ServletWebServerApplicationContext - Root WebApplicationContext: initialization completed in 1088 ms
2025-04-18 14:21:44.118 [main] INFO  c.g.y.a.MybatisPlusJoinAutoConfiguration - mybatis plus join properties config complete
2025-04-18 14:21:44.217 [main] INFO  c.g.y.a.MybatisPlusJoinAutoConfiguration - mybatis plus join SqlInjector init
2025-04-18 14:21:44.831 [main] INFO  o.a.coyote.http11.Http11NioProtocol - Starting ProtocolHandler ["http-nio-5418"]
2025-04-18 14:21:44.851 [main] INFO  o.s.b.w.e.tomcat.TomcatWebServer - Tomcat started on port 5418 (http) with context path '/api'
2025-04-18 14:21:44.859 [main] INFO  b.d.s.SearchThinkDemoApplication - Started SearchThinkDemoApplication in 2.493 seconds (process running for 3.138)
2025-04-18 14:22:04.270 [http-nio-5418-exec-1] INFO  o.a.c.c.C.[.[localhost].[/api] - Initializing Spring DispatcherServlet 'dispatcherServlet'
2025-04-18 14:22:04.270 [http-nio-5418-exec-1] INFO  o.s.web.servlet.DispatcherServlet - Initializing Servlet 'dispatcherServlet'
2025-04-18 14:22:04.270 [http-nio-5418-exec-1] INFO  o.s.web.servlet.DispatcherServlet - Completed initialization in 0 ms
2025-04-18 14:22:04.650 [http-nio-5418-exec-2] ERROR b.d.s.e.BaseExceptionHandler - 系统异常：Handler dispatch failed: java.lang.NoSuchMethodError: 'void org.springframework.web.method.ControllerAdviceBean.<init>(java.lang.Object)'
2025-04-18 14:24:46.149 [SpringApplicationShutdownHook] INFO  o.s.b.w.e.tomcat.GracefulShutdown - Commencing graceful shutdown. Waiting for active requests to complete
2025-04-18 14:24:46.582 [tomcat-shutdown] INFO  o.s.b.w.e.tomcat.GracefulShutdown - Graceful shutdown complete
2025-04-18 14:24:46.587 [SpringApplicationShutdownHook] INFO  c.alibaba.druid.pool.DruidDataSource - {dataSource-0} closing ...
2025-04-18 14:24:52.695 [background-preinit] INFO  o.h.validator.internal.util.Version - HV000001: Hibernate Validator 8.0.2.Final
2025-04-18 14:24:52.742 [main] INFO  b.d.s.SearchThinkDemoApplication - Starting SearchThinkDemoApplication using Java 17.0.12 with PID 16116 (E:\Users\22190\Desktop\SearchThinkDemo\target\classes started by 22190 in E:\Users\22190\Desktop\SearchThinkDemo)
2025-04-18 14:24:52.744 [main] INFO  b.d.s.SearchThinkDemoApplication - The following 1 profile is active: "dev"
2025-04-18 14:24:53.868 [main] INFO  o.s.b.w.e.tomcat.TomcatWebServer - Tomcat initialized with port 5418 (http)
2025-04-18 14:24:53.885 [main] INFO  o.a.coyote.http11.Http11NioProtocol - Initializing ProtocolHandler ["http-nio-5418"]
2025-04-18 14:24:53.887 [main] INFO  o.a.catalina.core.StandardService - Starting service [Tomcat]
2025-04-18 14:24:53.887 [main] INFO  o.a.catalina.core.StandardEngine - Starting Servlet engine: [Apache Tomcat/10.1.39]
2025-04-18 14:24:53.952 [main] INFO  o.a.c.c.C.[.[localhost].[/api] - Initializing Spring embedded WebApplicationContext
2025-04-18 14:24:53.954 [main] INFO  o.s.b.w.s.c.ServletWebServerApplicationContext - Root WebApplicationContext: initialization completed in 1166 ms
2025-04-18 14:24:54.038 [main] INFO  c.g.y.a.MybatisPlusJoinAutoConfiguration - mybatis plus join properties config complete
2025-04-18 14:24:54.138 [main] INFO  c.g.y.a.MybatisPlusJoinAutoConfiguration - mybatis plus join SqlInjector init
2025-04-18 14:24:54.762 [main] INFO  o.a.coyote.http11.Http11NioProtocol - Starting ProtocolHandler ["http-nio-5418"]
2025-04-18 14:24:54.779 [main] INFO  o.s.b.w.e.tomcat.TomcatWebServer - Tomcat started on port 5418 (http) with context path '/api'
2025-04-18 14:24:54.787 [main] INFO  b.d.s.SearchThinkDemoApplication - Started SearchThinkDemoApplication in 2.571 seconds (process running for 3.173)
2025-04-18 14:25:00.271 [http-nio-5418-exec-2] INFO  o.a.c.c.C.[.[localhost].[/api] - Initializing Spring DispatcherServlet 'dispatcherServlet'
2025-04-18 14:25:00.271 [http-nio-5418-exec-2] INFO  o.s.web.servlet.DispatcherServlet - Initializing Servlet 'dispatcherServlet'
2025-04-18 14:25:00.272 [http-nio-5418-exec-2] INFO  o.s.web.servlet.DispatcherServlet - Completed initialization in 1 ms
2025-04-18 14:25:00.647 [http-nio-5418-exec-3] INFO  o.s.api.AbstractOpenApiResource - Init duration for springdoc-openapi is: 193 ms
2025-04-18 14:26:05.017 [http-nio-5418-exec-6] INFO  c.alibaba.druid.pool.DruidDataSource - {dataSource-1} inited
2025-04-18 14:26:05.441 [http-nio-5418-exec-6] ERROR b.d.s.e.BaseExceptionHandler - 系统异常：
### Error updating database.  Cause: org.postgresql.util.PSQLException: ERROR: null value in column "id" of relation "st_blog" violates not-null constraint
  详细：Failing row contains (null, null, null, 0, 0, 2025-04-18 14:26:05.243628).
### The error may exist in bai/demo/searchThink/mapper/STBlogMapper.java (best guess)
### The error may involve bai.demo.searchThink.mapper.STBlogMapper.insert-Inline
### The error occurred while setting parameters
### SQL: INSERT INTO st_blog  ( id )  VALUES (  ?  )
### Cause: org.postgresql.util.PSQLException: ERROR: null value in column "id" of relation "st_blog" violates not-null constraint
  详细：Failing row contains (null, null, null, 0, 0, 2025-04-18 14:26:05.243628).
; ERROR: null value in column "id" of relation "st_blog" violates not-null constraint
  详细：Failing row contains (null, null, null, 0, 0, 2025-04-18 14:26:05.243628).
2025-04-18 14:28:15.026 [SpringApplicationShutdownHook] INFO  o.s.b.w.e.tomcat.GracefulShutdown - Commencing graceful shutdown. Waiting for active requests to complete
2025-04-18 14:28:15.388 [tomcat-shutdown] INFO  o.s.b.w.e.tomcat.GracefulShutdown - Graceful shutdown complete
2025-04-18 14:28:15.392 [SpringApplicationShutdownHook] INFO  c.alibaba.druid.pool.DruidDataSource - {dataSource-1} closing ...
2025-04-18 14:28:15.394 [SpringApplicationShutdownHook] INFO  c.alibaba.druid.pool.DruidDataSource - {dataSource-1} closed
2025-04-18 14:28:19.353 [background-preinit] INFO  o.h.validator.internal.util.Version - HV000001: Hibernate Validator 8.0.2.Final
2025-04-18 14:28:19.399 [main] INFO  b.d.s.SearchThinkDemoApplication - Starting SearchThinkDemoApplication using Java 17.0.12 with PID 30912 (E:\Users\22190\Desktop\SearchThinkDemo\target\classes started by 22190 in E:\Users\22190\Desktop\SearchThinkDemo)
2025-04-18 14:28:19.400 [main] INFO  b.d.s.SearchThinkDemoApplication - The following 1 profile is active: "dev"
2025-04-18 14:28:20.444 [main] INFO  o.s.b.w.e.tomcat.TomcatWebServer - Tomcat initialized with port 5418 (http)
2025-04-18 14:28:20.462 [main] INFO  o.a.coyote.http11.Http11NioProtocol - Initializing ProtocolHandler ["http-nio-5418"]
2025-04-18 14:28:20.464 [main] INFO  o.a.catalina.core.StandardService - Starting service [Tomcat]
2025-04-18 14:28:20.464 [main] INFO  o.a.catalina.core.StandardEngine - Starting Servlet engine: [Apache Tomcat/10.1.39]
2025-04-18 14:28:20.528 [main] INFO  o.a.c.c.C.[.[localhost].[/api] - Initializing Spring embedded WebApplicationContext
2025-04-18 14:28:20.528 [main] INFO  o.s.b.w.s.c.ServletWebServerApplicationContext - Root WebApplicationContext: initialization completed in 1082 ms
2025-04-18 14:28:20.612 [main] INFO  c.g.y.a.MybatisPlusJoinAutoConfiguration - mybatis plus join properties config complete
2025-04-18 14:28:20.709 [main] INFO  c.g.y.a.MybatisPlusJoinAutoConfiguration - mybatis plus join SqlInjector init
2025-04-18 14:28:21.314 [main] INFO  o.a.coyote.http11.Http11NioProtocol - Starting ProtocolHandler ["http-nio-5418"]
2025-04-18 14:28:21.329 [main] INFO  o.s.b.w.e.tomcat.TomcatWebServer - Tomcat started on port 5418 (http) with context path '/api'
2025-04-18 14:28:21.337 [main] INFO  b.d.s.SearchThinkDemoApplication - Started SearchThinkDemoApplication in 2.457 seconds (process running for 3.034)
2025-04-18 14:28:29.693 [http-nio-5418-exec-1] INFO  o.a.c.c.C.[.[localhost].[/api] - Initializing Spring DispatcherServlet 'dispatcherServlet'
2025-04-18 14:28:29.693 [http-nio-5418-exec-1] INFO  o.s.web.servlet.DispatcherServlet - Initializing Servlet 'dispatcherServlet'
2025-04-18 14:28:29.693 [http-nio-5418-exec-1] INFO  o.s.web.servlet.DispatcherServlet - Completed initialization in 0 ms
2025-04-18 14:28:29.837 [http-nio-5418-exec-1] INFO  c.alibaba.druid.pool.DruidDataSource - {dataSource-1} inited
2025-04-18 14:28:30.068 [http-nio-5418-exec-1] ERROR b.d.s.e.BaseExceptionHandler - 系统异常：
### Error updating database.  Cause: org.postgresql.util.PSQLException: ERROR: syntax error at or near ")"
  位置：36
### The error may exist in bai/demo/searchThink/mapper/STBlogMapper.java (best guess)
### The error may involve bai.demo.searchThink.mapper.STBlogMapper.insert-Inline
### The error occurred while setting parameters
### SQL: INSERT INTO st_blog    VALUES (    )
### Cause: org.postgresql.util.PSQLException: ERROR: syntax error at or near ")"
  位置：36
; bad SQL grammar []
2025-04-18 14:29:45.461 [SpringApplicationShutdownHook] INFO  o.s.b.w.e.tomcat.GracefulShutdown - Commencing graceful shutdown. Waiting for active requests to complete
2025-04-18 14:29:45.867 [tomcat-shutdown] INFO  o.s.b.w.e.tomcat.GracefulShutdown - Graceful shutdown complete
2025-04-18 14:29:45.869 [SpringApplicationShutdownHook] INFO  c.alibaba.druid.pool.DruidDataSource - {dataSource-1} closing ...
2025-04-18 14:29:45.871 [SpringApplicationShutdownHook] INFO  c.alibaba.druid.pool.DruidDataSource - {dataSource-1} closed
2025-04-18 14:29:49.737 [background-preinit] INFO  o.h.validator.internal.util.Version - HV000001: Hibernate Validator 8.0.2.Final
2025-04-18 14:29:49.782 [main] INFO  b.d.s.SearchThinkDemoApplication - Starting SearchThinkDemoApplication using Java 17.0.12 with PID 30148 (E:\Users\22190\Desktop\SearchThinkDemo\target\classes started by 22190 in E:\Users\22190\Desktop\SearchThinkDemo)
2025-04-18 14:29:49.783 [main] INFO  b.d.s.SearchThinkDemoApplication - The following 1 profile is active: "dev"
2025-04-18 14:29:50.847 [main] INFO  o.s.b.w.e.tomcat.TomcatWebServer - Tomcat initialized with port 5418 (http)
2025-04-18 14:29:50.857 [main] INFO  o.a.coyote.http11.Http11NioProtocol - Initializing ProtocolHandler ["http-nio-5418"]
2025-04-18 14:29:50.859 [main] INFO  o.a.catalina.core.StandardService - Starting service [Tomcat]
2025-04-18 14:29:50.859 [main] INFO  o.a.catalina.core.StandardEngine - Starting Servlet engine: [Apache Tomcat/10.1.39]
2025-04-18 14:29:50.925 [main] INFO  o.a.c.c.C.[.[localhost].[/api] - Initializing Spring embedded WebApplicationContext
2025-04-18 14:29:50.925 [main] INFO  o.s.b.w.s.c.ServletWebServerApplicationContext - Root WebApplicationContext: initialization completed in 1098 ms
2025-04-18 14:29:51.028 [main] INFO  c.g.y.a.MybatisPlusJoinAutoConfiguration - mybatis plus join properties config complete
2025-04-18 14:29:51.128 [main] INFO  c.g.y.a.MybatisPlusJoinAutoConfiguration - mybatis plus join SqlInjector init
2025-04-18 14:29:51.786 [main] INFO  o.a.coyote.http11.Http11NioProtocol - Starting ProtocolHandler ["http-nio-5418"]
2025-04-18 14:29:51.804 [main] INFO  o.s.b.w.e.tomcat.TomcatWebServer - Tomcat started on port 5418 (http) with context path '/api'
2025-04-18 14:29:51.812 [main] INFO  b.d.s.SearchThinkDemoApplication - Started SearchThinkDemoApplication in 2.548 seconds (process running for 3.119)
2025-04-18 14:30:12.122 [http-nio-5418-exec-1] INFO  o.a.c.c.C.[.[localhost].[/api] - Initializing Spring DispatcherServlet 'dispatcherServlet'
2025-04-18 14:30:12.122 [http-nio-5418-exec-1] INFO  o.s.web.servlet.DispatcherServlet - Initializing Servlet 'dispatcherServlet'
2025-04-18 14:30:12.123 [http-nio-5418-exec-1] INFO  o.s.web.servlet.DispatcherServlet - Completed initialization in 1 ms
2025-04-18 14:30:21.249 [http-nio-5418-exec-1] INFO  c.alibaba.druid.pool.DruidDataSource - {dataSource-1} inited
2025-04-18 14:30:21.486 [http-nio-5418-exec-1] ERROR b.d.s.e.BaseExceptionHandler - 系统异常：
### Error updating database.  Cause: org.postgresql.util.PSQLException: ERROR: syntax error at or near ")"
  位置：36
### The error may exist in bai/demo/searchThink/mapper/STBlogMapper.java (best guess)
### The error may involve bai.demo.searchThink.mapper.STBlogMapper.insert-Inline
### The error occurred while setting parameters
### SQL: INSERT INTO st_blog    VALUES (    )
### Cause: org.postgresql.util.PSQLException: ERROR: syntax error at or near ")"
  位置：36
; bad SQL grammar []
2025-04-18 14:32:12.552 [SpringApplicationShutdownHook] INFO  o.s.b.w.e.tomcat.GracefulShutdown - Commencing graceful shutdown. Waiting for active requests to complete
2025-04-18 14:32:12.940 [tomcat-shutdown] INFO  o.s.b.w.e.tomcat.GracefulShutdown - Graceful shutdown complete
2025-04-18 14:32:12.943 [SpringApplicationShutdownHook] INFO  c.alibaba.druid.pool.DruidDataSource - {dataSource-1} closing ...
2025-04-18 14:32:12.943 [SpringApplicationShutdownHook] INFO  c.alibaba.druid.pool.DruidDataSource - {dataSource-1} closed
2025-04-18 14:32:16.835 [background-preinit] INFO  o.h.validator.internal.util.Version - HV000001: Hibernate Validator 8.0.2.Final
2025-04-18 14:32:16.889 [main] INFO  b.d.s.SearchThinkDemoApplication - Starting SearchThinkDemoApplication using Java 17.0.12 with PID 29816 (E:\Users\22190\Desktop\SearchThinkDemo\target\classes started by 22190 in E:\Users\22190\Desktop\SearchThinkDemo)
2025-04-18 14:32:16.890 [main] INFO  b.d.s.SearchThinkDemoApplication - The following 1 profile is active: "dev"
2025-04-18 14:32:17.946 [main] INFO  o.s.b.w.e.tomcat.TomcatWebServer - Tomcat initialized with port 5418 (http)
2025-04-18 14:32:17.962 [main] INFO  o.a.coyote.http11.Http11NioProtocol - Initializing ProtocolHandler ["http-nio-5418"]
2025-04-18 14:32:17.963 [main] INFO  o.a.catalina.core.StandardService - Starting service [Tomcat]
2025-04-18 14:32:17.963 [main] INFO  o.a.catalina.core.StandardEngine - Starting Servlet engine: [Apache Tomcat/10.1.39]
2025-04-18 14:32:18.028 [main] INFO  o.a.c.c.C.[.[localhost].[/api] - Initializing Spring embedded WebApplicationContext
2025-04-18 14:32:18.028 [main] INFO  o.s.b.w.s.c.ServletWebServerApplicationContext - Root WebApplicationContext: initialization completed in 1093 ms
2025-04-18 14:32:18.110 [main] INFO  c.g.y.a.MybatisPlusJoinAutoConfiguration - mybatis plus join properties config complete
2025-04-18 14:32:18.209 [main] INFO  c.g.y.a.MybatisPlusJoinAutoConfiguration - mybatis plus join SqlInjector init
2025-04-18 14:32:18.823 [main] INFO  o.a.coyote.http11.Http11NioProtocol - Starting ProtocolHandler ["http-nio-5418"]
2025-04-18 14:32:18.839 [main] INFO  o.s.b.w.e.tomcat.TomcatWebServer - Tomcat started on port 5418 (http) with context path '/api'
2025-04-18 14:32:18.848 [main] INFO  b.d.s.SearchThinkDemoApplication - Started SearchThinkDemoApplication in 2.51 seconds (process running for 3.115)
2025-04-18 14:32:22.355 [http-nio-5418-exec-1] INFO  o.a.c.c.C.[.[localhost].[/api] - Initializing Spring DispatcherServlet 'dispatcherServlet'
2025-04-18 14:32:22.355 [http-nio-5418-exec-1] INFO  o.s.web.servlet.DispatcherServlet - Initializing Servlet 'dispatcherServlet'
2025-04-18 14:32:22.356 [http-nio-5418-exec-1] INFO  o.s.web.servlet.DispatcherServlet - Completed initialization in 1 ms
2025-04-18 14:32:22.777 [http-nio-5418-exec-2] INFO  o.s.api.AbstractOpenApiResource - Init duration for springdoc-openapi is: 178 ms
2025-04-18 14:32:30.020 [http-nio-5418-exec-10] INFO  c.alibaba.druid.pool.DruidDataSource - {dataSource-1} inited
2025-04-18 15:03:08.213 [SpringApplicationShutdownHook] INFO  o.s.b.w.e.tomcat.GracefulShutdown - Commencing graceful shutdown. Waiting for active requests to complete
2025-04-18 15:03:08.614 [tomcat-shutdown] INFO  o.s.b.w.e.tomcat.GracefulShutdown - Graceful shutdown complete
2025-04-18 15:03:08.617 [SpringApplicationShutdownHook] INFO  c.alibaba.druid.pool.DruidDataSource - {dataSource-1} closing ...
2025-04-18 15:03:08.619 [SpringApplicationShutdownHook] INFO  c.alibaba.druid.pool.DruidDataSource - {dataSource-1} closed
2025-04-18 15:03:17.209 [background-preinit] INFO  o.h.validator.internal.util.Version - HV000001: Hibernate Validator 8.0.2.Final
2025-04-18 15:03:17.255 [main] INFO  b.d.s.SearchThinkDemoApplication - Starting SearchThinkDemoApplication using Java 17.0.12 with PID 28760 (E:\Users\22190\Desktop\SearchThinkDemo\target\classes started by 22190 in E:\Users\22190\Desktop\SearchThinkDemo)
2025-04-18 15:03:17.256 [main] INFO  b.d.s.SearchThinkDemoApplication - The following 1 profile is active: "dev"
2025-04-18 15:03:17.970 [main] INFO  o.s.d.r.c.RepositoryConfigurationDelegate - Multiple Spring Data modules found, entering strict repository configuration mode
2025-04-18 15:03:17.972 [main] INFO  o.s.d.r.c.RepositoryConfigurationDelegate - Bootstrapping Spring Data Redis repositories in DEFAULT mode.
2025-04-18 15:03:18.005 [main] INFO  o.s.d.r.c.RepositoryConfigurationDelegate - Finished Spring Data repository scanning in 17 ms. Found 0 Redis repository interfaces.
2025-04-18 15:03:18.534 [main] INFO  o.s.b.w.e.tomcat.TomcatWebServer - Tomcat initialized with port 5418 (http)
2025-04-18 15:03:18.545 [main] INFO  o.a.coyote.http11.Http11NioProtocol - Initializing ProtocolHandler ["http-nio-5418"]
2025-04-18 15:03:18.547 [main] INFO  o.a.catalina.core.StandardService - Starting service [Tomcat]
2025-04-18 15:03:18.547 [main] INFO  o.a.catalina.core.StandardEngine - Starting Servlet engine: [Apache Tomcat/10.1.39]
2025-04-18 15:03:18.620 [main] INFO  o.a.c.c.C.[.[localhost].[/api] - Initializing Spring embedded WebApplicationContext
2025-04-18 15:03:18.620 [main] INFO  o.s.b.w.s.c.ServletWebServerApplicationContext - Root WebApplicationContext: initialization completed in 1324 ms
2025-04-18 15:03:18.945 [main] INFO  b.d.s.utils.redis.RedisUtils - ========================Redis初始化成功========================
2025-04-18 15:03:18.970 [main] INFO  c.g.y.a.MybatisPlusJoinAutoConfiguration - mybatis plus join properties config complete
2025-04-18 15:03:19.066 [main] INFO  c.g.y.a.MybatisPlusJoinAutoConfiguration - mybatis plus join SqlInjector init
2025-04-18 15:03:19.717 [main] INFO  o.a.coyote.http11.Http11NioProtocol - Starting ProtocolHandler ["http-nio-5418"]
2025-04-18 15:03:19.733 [main] INFO  o.s.b.w.e.tomcat.TomcatWebServer - Tomcat started on port 5418 (http) with context path '/api'
2025-04-18 15:03:19.742 [main] INFO  b.d.s.SearchThinkDemoApplication - Started SearchThinkDemoApplication in 2.998 seconds (process running for 3.809)
2025-04-18 15:03:19.851 [main] INFO  c.alibaba.druid.pool.DruidDataSource - {dataSource-1} inited
2025-04-18 15:03:20.082 [main] ERROR o.s.boot.SpringApplication - Application run failed
org.springframework.jdbc.BadSqlGrammarException: 
### Error querying database.  Cause: org.postgresql.util.PSQLException: ERROR: syntax error at or near ","
  位置：38
### The error may exist in bai/demo/searchThink/mapper/STBlogMapper.java (best guess)
### The error may involve defaultParameterMap
### The error occurred while setting parameters
### SQL: SELECT    id,title,content,views,like,created_at    FROM  st_blog
### Cause: org.postgresql.util.PSQLException: ERROR: syntax error at or near ","
  位置：38
; bad SQL grammar []
	at org.springframework.jdbc.support.SQLErrorCodeSQLExceptionTranslator.doTranslate(SQLErrorCodeSQLExceptionTranslator.java:246)
	at org.springframework.jdbc.support.AbstractFallbackSQLExceptionTranslator.translate(AbstractFallbackSQLExceptionTranslator.java:107)
	at org.mybatis.spring.MyBatisExceptionTranslator.translateExceptionIfPossible(MyBatisExceptionTranslator.java:92)
	at org.mybatis.spring.SqlSessionTemplate$SqlSessionInterceptor.invoke(SqlSessionTemplate.java:439)
	at jdk.proxy2/jdk.proxy2.$Proxy91.selectList(Unknown Source)
	at org.mybatis.spring.SqlSessionTemplate.selectList(SqlSessionTemplate.java:224)
	at com.baomidou.mybatisplus.core.override.MybatisMapperMethod.executeForMany(MybatisMapperMethod.java:164)
	at com.baomidou.mybatisplus.core.override.MybatisMapperMethod.execute(MybatisMapperMethod.java:77)
	at com.baomidou.mybatisplus.core.override.MybatisMapperProxy$PlainMethodInvoker.invoke(MybatisMapperProxy.java:149)
	at com.baomidou.mybatisplus.core.override.MybatisMapperProxy.invoke(MybatisMapperProxy.java:90)
	at jdk.proxy2/jdk.proxy2.$Proxy93.selectList(Unknown Source)
	at com.baomidou.mybatisplus.extension.service.IService.list(IService.java:407)
	at com.baomidou.mybatisplus.extension.service.IService.list(IService.java:428)
	at java.base/jdk.internal.reflect.NativeMethodAccessorImpl.invoke0(Native Method)
	at java.base/jdk.internal.reflect.NativeMethodAccessorImpl.invoke(NativeMethodAccessorImpl.java:77)
	at java.base/jdk.internal.reflect.DelegatingMethodAccessorImpl.invoke(DelegatingMethodAccessorImpl.java:43)
	at java.base/java.lang.reflect.Method.invoke(Method.java:568)
	at org.springframework.aop.support.AopUtils.invokeJoinpointUsingReflection(AopUtils.java:359)
	at org.springframework.aop.framework.CglibAopProxy$DynamicAdvisedInterceptor.intercept(CglibAopProxy.java:723)
	at bai.demo.searchThink.service.impl.STBlogServiceImpl$$SpringCGLIB$$0.list(<generated>)
	at bai.demo.searchThink.StartupRunner.onApplicationEvent(StartupRunner.java:24)
	at bai.demo.searchThink.StartupRunner.onApplicationEvent(StartupRunner.java:14)
	at org.springframework.context.event.SimpleApplicationEventMulticaster.doInvokeListener(SimpleApplicationEventMulticaster.java:185)
	at org.springframework.context.event.SimpleApplicationEventMulticaster.invokeListener(SimpleApplicationEventMulticaster.java:178)
	at org.springframework.context.event.SimpleApplicationEventMulticaster.multicastEvent(SimpleApplicationEventMulticaster.java:156)
	at org.springframework.context.support.AbstractApplicationContext.publishEvent(AbstractApplicationContext.java:454)
	at org.springframework.context.support.AbstractApplicationContext.publishEvent(AbstractApplicationContext.java:387)
	at org.springframework.boot.context.event.EventPublishingRunListener.ready(EventPublishingRunListener.java:109)
	at org.springframework.boot.SpringApplicationRunListeners.lambda$ready$6(SpringApplicationRunListeners.java:80)
	at java.base/java.lang.Iterable.forEach(Iterable.java:75)
	at org.springframework.boot.SpringApplicationRunListeners.doWithListeners(SpringApplicationRunListeners.java:118)
	at org.springframework.boot.SpringApplicationRunListeners.doWithListeners(SpringApplicationRunListeners.java:112)
	at org.springframework.boot.SpringApplicationRunListeners.ready(SpringApplicationRunListeners.java:80)
	at org.springframework.boot.SpringApplication.run(SpringApplication.java:332)
	at org.springframework.boot.SpringApplication.run(SpringApplication.java:1361)
	at org.springframework.boot.SpringApplication.run(SpringApplication.java:1350)
	at bai.demo.searchThink.SearchThinkDemoApplication.main(SearchThinkDemoApplication.java:12)
Caused by: org.postgresql.util.PSQLException: ERROR: syntax error at or near ","
  位置：38
	at org.postgresql.core.v3.QueryExecutorImpl.receiveErrorResponse(QueryExecutorImpl.java:2713)
	at org.postgresql.core.v3.QueryExecutorImpl.processResults(QueryExecutorImpl.java:2401)
	at org.postgresql.core.v3.QueryExecutorImpl.execute(QueryExecutorImpl.java:368)
	at org.postgresql.jdbc.PgStatement.executeInternal(PgStatement.java:498)
	at org.postgresql.jdbc.PgStatement.execute(PgStatement.java:415)
	at org.postgresql.jdbc.PgPreparedStatement.executeWithFlags(PgPreparedStatement.java:190)
	at org.postgresql.jdbc.PgPreparedStatement.execute(PgPreparedStatement.java:177)
	at com.alibaba.druid.pool.DruidPooledPreparedStatement.execute(DruidPooledPreparedStatement.java:483)
	at java.base/jdk.internal.reflect.NativeMethodAccessorImpl.invoke0(Native Method)
	at java.base/jdk.internal.reflect.NativeMethodAccessorImpl.invoke(NativeMethodAccessorImpl.java:77)
	at java.base/jdk.internal.reflect.DelegatingMethodAccessorImpl.invoke(DelegatingMethodAccessorImpl.java:43)
	at java.base/java.lang.reflect.Method.invoke(Method.java:568)
	at org.apache.ibatis.logging.jdbc.PreparedStatementLogger.invoke(PreparedStatementLogger.java:58)
	at jdk.proxy3/jdk.proxy3.$Proxy110.execute(Unknown Source)
	at org.apache.ibatis.executor.statement.PreparedStatementHandler.query(PreparedStatementHandler.java:65)
	at org.apache.ibatis.executor.statement.RoutingStatementHandler.query(RoutingStatementHandler.java:80)
	at org.apache.ibatis.executor.SimpleExecutor.doQuery(SimpleExecutor.java:65)
	at org.apache.ibatis.executor.BaseExecutor.queryFromDatabase(BaseExecutor.java:336)
	at org.apache.ibatis.executor.BaseExecutor.query(BaseExecutor.java:158)
	at org.apache.ibatis.executor.CachingExecutor.query(CachingExecutor.java:110)
	at org.apache.ibatis.executor.CachingExecutor.query(CachingExecutor.java:90)
	at java.base/jdk.internal.reflect.NativeMethodAccessorImpl.invoke0(Native Method)
	at java.base/jdk.internal.reflect.NativeMethodAccessorImpl.invoke(NativeMethodAccessorImpl.java:77)
	at java.base/jdk.internal.reflect.DelegatingMethodAccessorImpl.invoke(DelegatingMethodAccessorImpl.java:43)
	at java.base/java.lang.reflect.Method.invoke(Method.java:568)
	at org.apache.ibatis.plugin.Invocation.proceed(Invocation.java:61)
	at com.github.yulichang.interceptor.MPJInterceptor.intercept(MPJInterceptor.java:93)
	at org.apache.ibatis.plugin.Plugin.invoke(Plugin.java:59)
	at jdk.proxy2/jdk.proxy2.$Proxy107.query(Unknown Source)
	at org.apache.ibatis.session.defaults.DefaultSqlSession.selectList(DefaultSqlSession.java:154)
	at org.apache.ibatis.session.defaults.DefaultSqlSession.selectList(DefaultSqlSession.java:147)
	at org.apache.ibatis.session.defaults.DefaultSqlSession.selectList(DefaultSqlSession.java:142)
	at java.base/jdk.internal.reflect.NativeMethodAccessorImpl.invoke0(Native Method)
	at java.base/jdk.internal.reflect.NativeMethodAccessorImpl.invoke(NativeMethodAccessorImpl.java:77)
	at java.base/jdk.internal.reflect.DelegatingMethodAccessorImpl.invoke(DelegatingMethodAccessorImpl.java:43)
	at java.base/java.lang.reflect.Method.invoke(Method.java:568)
	at org.mybatis.spring.SqlSessionTemplate$SqlSessionInterceptor.invoke(SqlSessionTemplate.java:425)
	... 33 common frames omitted
2025-04-18 15:03:20.089 [main] INFO  o.s.b.w.e.tomcat.GracefulShutdown - Commencing graceful shutdown. Waiting for active requests to complete
2025-04-18 15:03:20.090 [tomcat-shutdown] INFO  o.a.coyote.http11.Http11NioProtocol - Pausing ProtocolHandler ["http-nio-5418"]
2025-04-18 15:03:20.489 [tomcat-shutdown] INFO  o.s.b.w.e.tomcat.GracefulShutdown - Graceful shutdown complete
2025-04-18 15:03:20.489 [main] INFO  o.a.coyote.http11.Http11NioProtocol - Stopping ProtocolHandler ["http-nio-5418"]
2025-04-18 15:03:20.497 [main] INFO  c.alibaba.druid.pool.DruidDataSource - {dataSource-1} closing ...
2025-04-18 15:03:20.499 [main] INFO  c.alibaba.druid.pool.DruidDataSource - {dataSource-1} closed
2025-04-18 15:08:34.532 [background-preinit] INFO  o.h.validator.internal.util.Version - HV000001: Hibernate Validator 8.0.2.Final
2025-04-18 15:08:34.585 [main] INFO  b.d.s.SearchThinkDemoApplication - Starting SearchThinkDemoApplication using Java 17.0.12 with PID 18264 (E:\Users\22190\Desktop\SearchThinkDemo\target\classes started by 22190 in E:\Users\22190\Desktop\SearchThinkDemo)
2025-04-18 15:08:34.587 [main] INFO  b.d.s.SearchThinkDemoApplication - The following 1 profile is active: "dev"
2025-04-18 15:08:35.290 [main] INFO  o.s.d.r.c.RepositoryConfigurationDelegate - Multiple Spring Data modules found, entering strict repository configuration mode
2025-04-18 15:08:35.292 [main] INFO  o.s.d.r.c.RepositoryConfigurationDelegate - Bootstrapping Spring Data Redis repositories in DEFAULT mode.
2025-04-18 15:08:35.323 [main] INFO  o.s.d.r.c.RepositoryConfigurationDelegate - Finished Spring Data repository scanning in 17 ms. Found 0 Redis repository interfaces.
2025-04-18 15:08:35.845 [main] INFO  o.s.b.w.e.tomcat.TomcatWebServer - Tomcat initialized with port 5418 (http)
2025-04-18 15:08:35.856 [main] INFO  o.a.coyote.http11.Http11NioProtocol - Initializing ProtocolHandler ["http-nio-5418"]
2025-04-18 15:08:35.858 [main] INFO  o.a.catalina.core.StandardService - Starting service [Tomcat]
2025-04-18 15:08:35.858 [main] INFO  o.a.catalina.core.StandardEngine - Starting Servlet engine: [Apache Tomcat/10.1.39]
2025-04-18 15:08:35.932 [main] INFO  o.a.c.c.C.[.[localhost].[/api] - Initializing Spring embedded WebApplicationContext
2025-04-18 15:08:35.932 [main] INFO  o.s.b.w.s.c.ServletWebServerApplicationContext - Root WebApplicationContext: initialization completed in 1304 ms
2025-04-18 15:08:36.224 [main] INFO  b.d.s.utils.redis.RedisUtils - ========================Redis初始化成功========================
2025-04-18 15:08:36.247 [main] INFO  c.g.y.a.MybatisPlusJoinAutoConfiguration - mybatis plus join properties config complete
2025-04-18 15:08:36.343 [main] INFO  c.g.y.a.MybatisPlusJoinAutoConfiguration - mybatis plus join SqlInjector init
2025-04-18 15:08:36.993 [main] INFO  o.a.coyote.http11.Http11NioProtocol - Starting ProtocolHandler ["http-nio-5418"]
2025-04-18 15:08:37.009 [main] INFO  o.s.b.w.e.tomcat.TomcatWebServer - Tomcat started on port 5418 (http) with context path '/api'
2025-04-18 15:08:37.018 [main] INFO  b.d.s.SearchThinkDemoApplication - Started SearchThinkDemoApplication in 2.958 seconds (process running for 3.566)
2025-04-18 15:08:37.117 [main] INFO  c.alibaba.druid.pool.DruidDataSource - {dataSource-1} inited
2025-04-18 15:09:06.652 [http-nio-5418-exec-1] INFO  o.a.c.c.C.[.[localhost].[/api] - Initializing Spring DispatcherServlet 'dispatcherServlet'
2025-04-18 15:09:06.652 [http-nio-5418-exec-1] INFO  o.s.web.servlet.DispatcherServlet - Initializing Servlet 'dispatcherServlet'
2025-04-18 15:09:06.654 [http-nio-5418-exec-1] INFO  o.s.web.servlet.DispatcherServlet - Completed initialization in 2 ms
2025-04-18 15:18:56.998 [SpringApplicationShutdownHook] INFO  o.s.b.w.e.tomcat.GracefulShutdown - Commencing graceful shutdown. Waiting for active requests to complete
2025-04-18 15:18:57.397 [tomcat-shutdown] INFO  o.s.b.w.e.tomcat.GracefulShutdown - Graceful shutdown complete
2025-04-18 15:18:57.414 [SpringApplicationShutdownHook] INFO  c.alibaba.druid.pool.DruidDataSource - {dataSource-1} closing ...
2025-04-18 15:18:57.415 [SpringApplicationShutdownHook] INFO  c.alibaba.druid.pool.DruidDataSource - {dataSource-1} closed
2025-04-18 15:18:59.800 [background-preinit] INFO  o.h.validator.internal.util.Version - HV000001: Hibernate Validator 8.0.2.Final
2025-04-18 15:18:59.850 [main] INFO  b.d.s.SearchThinkDemoApplication - Starting SearchThinkDemoApplication using Java 17.0.12 with PID 22668 (E:\Users\22190\Desktop\SearchThinkDemo\target\classes started by 22190 in E:\Users\22190\Desktop\SearchThinkDemo)
2025-04-18 15:18:59.850 [main] INFO  b.d.s.SearchThinkDemoApplication - The following 1 profile is active: "dev"
2025-04-18 15:19:00.565 [main] INFO  o.s.d.r.c.RepositoryConfigurationDelegate - Multiple Spring Data modules found, entering strict repository configuration mode
2025-04-18 15:19:00.567 [main] INFO  o.s.d.r.c.RepositoryConfigurationDelegate - Bootstrapping Spring Data Redis repositories in DEFAULT mode.
2025-04-18 15:19:00.599 [main] INFO  o.s.d.r.c.RepositoryConfigurationDelegate - Finished Spring Data repository scanning in 17 ms. Found 0 Redis repository interfaces.
2025-04-18 15:19:01.132 [main] INFO  o.s.b.w.e.tomcat.TomcatWebServer - Tomcat initialized with port 4415 (http)
2025-04-18 15:19:01.143 [main] INFO  o.a.coyote.http11.Http11NioProtocol - Initializing ProtocolHandler ["http-nio-4415"]
2025-04-18 15:19:01.145 [main] INFO  o.a.catalina.core.StandardService - Starting service [Tomcat]
2025-04-18 15:19:01.145 [main] INFO  o.a.catalina.core.StandardEngine - Starting Servlet engine: [Apache Tomcat/10.1.39]
2025-04-18 15:19:01.217 [main] INFO  o.a.c.c.C.[.[localhost].[/api] - Initializing Spring embedded WebApplicationContext
2025-04-18 15:19:01.218 [main] INFO  o.s.b.w.s.c.ServletWebServerApplicationContext - Root WebApplicationContext: initialization completed in 1326 ms
2025-04-18 15:19:01.519 [main] INFO  b.d.s.utils.redis.RedisUtils - ========================Redis初始化成功========================
2025-04-18 15:19:01.548 [main] INFO  c.g.y.a.MybatisPlusJoinAutoConfiguration - mybatis plus join properties config complete
2025-04-18 15:19:01.640 [main] INFO  c.g.y.a.MybatisPlusJoinAutoConfiguration - mybatis plus join SqlInjector init
2025-04-18 15:19:02.310 [main] INFO  o.a.coyote.http11.Http11NioProtocol - Starting ProtocolHandler ["http-nio-4415"]
2025-04-18 15:19:02.328 [main] INFO  o.s.b.w.e.tomcat.TomcatWebServer - Tomcat started on port 4415 (http) with context path '/api'
2025-04-18 15:19:02.338 [main] INFO  b.d.s.SearchThinkDemoApplication - Started SearchThinkDemoApplication in 3.014 seconds (process running for 3.645)
2025-04-18 15:19:02.442 [main] INFO  c.alibaba.druid.pool.DruidDataSource - {dataSource-1} inited
2025-04-18 15:19:12.795 [http-nio-4415-exec-1] INFO  o.a.c.c.C.[.[localhost].[/api] - Initializing Spring DispatcherServlet 'dispatcherServlet'
2025-04-18 15:19:12.796 [http-nio-4415-exec-1] INFO  o.s.web.servlet.DispatcherServlet - Initializing Servlet 'dispatcherServlet'
2025-04-18 15:19:12.797 [http-nio-4415-exec-1] INFO  o.s.web.servlet.DispatcherServlet - Completed initialization in 1 ms
2025-04-18 15:19:13.340 [http-nio-4415-exec-9] INFO  o.s.api.AbstractOpenApiResource - Init duration for springdoc-openapi is: 209 ms
2025-04-18 15:28:20.359 [SpringApplicationShutdownHook] INFO  o.s.b.w.e.tomcat.GracefulShutdown - Commencing graceful shutdown. Waiting for active requests to complete
2025-04-18 15:28:20.732 [tomcat-shutdown] INFO  o.s.b.w.e.tomcat.GracefulShutdown - Graceful shutdown complete
2025-04-18 15:28:20.746 [SpringApplicationShutdownHook] INFO  c.alibaba.druid.pool.DruidDataSource - {dataSource-1} closing ...
2025-04-18 15:28:20.748 [SpringApplicationShutdownHook] INFO  c.alibaba.druid.pool.DruidDataSource - {dataSource-1} closed
2025-04-18 15:28:24.757 [background-preinit] INFO  o.h.validator.internal.util.Version - HV000001: Hibernate Validator 8.0.2.Final
2025-04-18 15:28:24.808 [main] INFO  b.d.s.SearchThinkDemoApplication - Starting SearchThinkDemoApplication using Java 17.0.12 with PID 34780 (E:\Users\22190\Desktop\SearchThinkDemo\target\classes started by 22190 in E:\Users\22190\Desktop\SearchThinkDemo)
2025-04-18 15:28:24.809 [main] INFO  b.d.s.SearchThinkDemoApplication - The following 1 profile is active: "dev"
2025-04-18 15:28:25.541 [main] INFO  o.s.d.r.c.RepositoryConfigurationDelegate - Multiple Spring Data modules found, entering strict repository configuration mode
2025-04-18 15:28:25.543 [main] INFO  o.s.d.r.c.RepositoryConfigurationDelegate - Bootstrapping Spring Data Redis repositories in DEFAULT mode.
2025-04-18 15:28:25.574 [main] INFO  o.s.d.r.c.RepositoryConfigurationDelegate - Finished Spring Data repository scanning in 17 ms. Found 0 Redis repository interfaces.
2025-04-18 15:28:26.136 [main] INFO  o.s.b.w.e.tomcat.TomcatWebServer - Tomcat initialized with port 4415 (http)
2025-04-18 15:28:26.148 [main] INFO  o.a.coyote.http11.Http11NioProtocol - Initializing ProtocolHandler ["http-nio-4415"]
2025-04-18 15:28:26.150 [main] INFO  o.a.catalina.core.StandardService - Starting service [Tomcat]
2025-04-18 15:28:26.150 [main] INFO  o.a.catalina.core.StandardEngine - Starting Servlet engine: [Apache Tomcat/10.1.39]
2025-04-18 15:28:26.231 [main] INFO  o.a.c.c.C.[.[localhost].[/api] - Initializing Spring embedded WebApplicationContext
2025-04-18 15:28:26.232 [main] INFO  o.s.b.w.s.c.ServletWebServerApplicationContext - Root WebApplicationContext: initialization completed in 1380 ms
2025-04-18 15:28:26.536 [main] INFO  b.d.s.utils.redis.RedisUtils - ========================Redis初始化成功========================
2025-04-18 15:28:26.561 [main] INFO  c.g.y.a.MybatisPlusJoinAutoConfiguration - mybatis plus join properties config complete
2025-04-18 15:28:26.657 [main] INFO  c.g.y.a.MybatisPlusJoinAutoConfiguration - mybatis plus join SqlInjector init
2025-04-18 15:28:27.339 [main] INFO  o.a.coyote.http11.Http11NioProtocol - Starting ProtocolHandler ["http-nio-4415"]
2025-04-18 15:28:27.358 [main] INFO  o.s.b.w.e.tomcat.TomcatWebServer - Tomcat started on port 4415 (http) with context path '/api'
2025-04-18 15:28:27.367 [main] INFO  b.d.s.SearchThinkDemoApplication - Started SearchThinkDemoApplication in 3.097 seconds (process running for 3.753)
2025-04-18 15:28:27.470 [main] INFO  c.alibaba.druid.pool.DruidDataSource - {dataSource-1} inited
2025-04-18 15:28:38.809 [http-nio-4415-exec-1] INFO  o.a.c.c.C.[.[localhost].[/api] - Initializing Spring DispatcherServlet 'dispatcherServlet'
2025-04-18 15:28:38.809 [http-nio-4415-exec-1] INFO  o.s.web.servlet.DispatcherServlet - Initializing Servlet 'dispatcherServlet'
2025-04-18 15:28:38.810 [http-nio-4415-exec-1] INFO  o.s.web.servlet.DispatcherServlet - Completed initialization in 1 ms
2025-04-18 15:29:07.176 [SpringApplicationShutdownHook] INFO  o.s.b.w.e.tomcat.GracefulShutdown - Commencing graceful shutdown. Waiting for active requests to complete
2025-04-18 15:29:07.570 [tomcat-shutdown] INFO  o.s.b.w.e.tomcat.GracefulShutdown - Graceful shutdown complete
2025-04-18 15:29:07.579 [SpringApplicationShutdownHook] INFO  c.alibaba.druid.pool.DruidDataSource - {dataSource-1} closing ...
2025-04-18 15:29:07.580 [SpringApplicationShutdownHook] INFO  c.alibaba.druid.pool.DruidDataSource - {dataSource-1} closed
2025-04-18 15:29:11.541 [background-preinit] INFO  o.h.validator.internal.util.Version - HV000001: Hibernate Validator 8.0.2.Final
2025-04-18 15:29:11.591 [main] INFO  b.d.s.SearchThinkDemoApplication - Starting SearchThinkDemoApplication using Java 17.0.12 with PID 36508 (E:\Users\22190\Desktop\SearchThinkDemo\target\classes started by 22190 in E:\Users\22190\Desktop\SearchThinkDemo)
2025-04-18 15:29:11.592 [main] INFO  b.d.s.SearchThinkDemoApplication - The following 1 profile is active: "dev"
2025-04-18 15:29:12.299 [main] INFO  o.s.d.r.c.RepositoryConfigurationDelegate - Multiple Spring Data modules found, entering strict repository configuration mode
2025-04-18 15:29:12.301 [main] INFO  o.s.d.r.c.RepositoryConfigurationDelegate - Bootstrapping Spring Data Redis repositories in DEFAULT mode.
2025-04-18 15:29:12.331 [main] INFO  o.s.d.r.c.RepositoryConfigurationDelegate - Finished Spring Data repository scanning in 16 ms. Found 0 Redis repository interfaces.
2025-04-18 15:29:12.868 [main] INFO  o.s.b.w.e.tomcat.TomcatWebServer - Tomcat initialized with port 4415 (http)
2025-04-18 15:29:12.878 [main] INFO  o.a.coyote.http11.Http11NioProtocol - Initializing ProtocolHandler ["http-nio-4415"]
2025-04-18 15:29:12.880 [main] INFO  o.a.catalina.core.StandardService - Starting service [Tomcat]
2025-04-18 15:29:12.880 [main] INFO  o.a.catalina.core.StandardEngine - Starting Servlet engine: [Apache Tomcat/10.1.39]
2025-04-18 15:29:12.954 [main] INFO  o.a.c.c.C.[.[localhost].[/api] - Initializing Spring embedded WebApplicationContext
2025-04-18 15:29:12.954 [main] INFO  o.s.b.w.s.c.ServletWebServerApplicationContext - Root WebApplicationContext: initialization completed in 1320 ms
2025-04-18 15:29:13.245 [main] INFO  b.d.s.utils.redis.RedisUtils - ========================Redis初始化成功========================
2025-04-18 15:29:13.270 [main] INFO  c.g.y.a.MybatisPlusJoinAutoConfiguration - mybatis plus join properties config complete
2025-04-18 15:29:13.365 [main] INFO  c.g.y.a.MybatisPlusJoinAutoConfiguration - mybatis plus join SqlInjector init
2025-04-18 15:29:14.013 [main] INFO  o.a.coyote.http11.Http11NioProtocol - Starting ProtocolHandler ["http-nio-4415"]
2025-04-18 15:29:14.028 [main] INFO  o.s.b.w.e.tomcat.TomcatWebServer - Tomcat started on port 4415 (http) with context path '/api'
2025-04-18 15:29:14.037 [main] INFO  b.d.s.SearchThinkDemoApplication - Started SearchThinkDemoApplication in 2.968 seconds (process running for 3.612)
2025-04-18 15:29:14.139 [main] INFO  c.alibaba.druid.pool.DruidDataSource - {dataSource-1} inited
2025-04-18 15:29:17.983 [http-nio-4415-exec-1] INFO  o.a.c.c.C.[.[localhost].[/api] - Initializing Spring DispatcherServlet 'dispatcherServlet'
2025-04-18 15:29:17.984 [http-nio-4415-exec-1] INFO  o.s.web.servlet.DispatcherServlet - Initializing Servlet 'dispatcherServlet'
2025-04-18 15:29:17.985 [http-nio-4415-exec-1] INFO  o.s.web.servlet.DispatcherServlet - Completed initialization in 1 ms
2025-04-18 15:29:39.090 [SpringApplicationShutdownHook] INFO  o.s.b.w.e.tomcat.GracefulShutdown - Commencing graceful shutdown. Waiting for active requests to complete
2025-04-18 15:29:39.493 [tomcat-shutdown] INFO  o.s.b.w.e.tomcat.GracefulShutdown - Graceful shutdown complete
2025-04-18 15:29:39.503 [SpringApplicationShutdownHook] INFO  c.alibaba.druid.pool.DruidDataSource - {dataSource-1} closing ...
2025-04-18 15:29:39.504 [SpringApplicationShutdownHook] INFO  c.alibaba.druid.pool.DruidDataSource - {dataSource-1} closed
2025-04-18 15:29:43.439 [background-preinit] INFO  o.h.validator.internal.util.Version - HV000001: Hibernate Validator 8.0.2.Final
2025-04-18 15:29:43.489 [main] INFO  b.d.s.SearchThinkDemoApplication - Starting SearchThinkDemoApplication using Java 17.0.12 with PID 34980 (E:\Users\22190\Desktop\SearchThinkDemo\target\classes started by 22190 in E:\Users\22190\Desktop\SearchThinkDemo)
2025-04-18 15:29:43.491 [main] INFO  b.d.s.SearchThinkDemoApplication - The following 1 profile is active: "dev"
2025-04-18 15:29:44.204 [main] INFO  o.s.d.r.c.RepositoryConfigurationDelegate - Multiple Spring Data modules found, entering strict repository configuration mode
2025-04-18 15:29:44.207 [main] INFO  o.s.d.r.c.RepositoryConfigurationDelegate - Bootstrapping Spring Data Redis repositories in DEFAULT mode.
2025-04-18 15:29:44.242 [main] INFO  o.s.d.r.c.RepositoryConfigurationDelegate - Finished Spring Data repository scanning in 20 ms. Found 0 Redis repository interfaces.
2025-04-18 15:29:44.790 [main] INFO  o.s.b.w.e.tomcat.TomcatWebServer - Tomcat initialized with port 4415 (http)
2025-04-18 15:29:44.803 [main] INFO  o.a.coyote.http11.Http11NioProtocol - Initializing ProtocolHandler ["http-nio-4415"]
2025-04-18 15:29:44.804 [main] INFO  o.a.catalina.core.StandardService - Starting service [Tomcat]
2025-04-18 15:29:44.804 [main] INFO  o.a.catalina.core.StandardEngine - Starting Servlet engine: [Apache Tomcat/10.1.39]
2025-04-18 15:29:44.880 [main] INFO  o.a.c.c.C.[.[localhost].[/api] - Initializing Spring embedded WebApplicationContext
2025-04-18 15:29:44.880 [main] INFO  o.s.b.w.s.c.ServletWebServerApplicationContext - Root WebApplicationContext: initialization completed in 1348 ms
2025-04-18 15:29:45.173 [main] INFO  b.d.s.utils.redis.RedisUtils - ========================Redis初始化成功========================
2025-04-18 15:29:45.202 [main] INFO  c.g.y.a.MybatisPlusJoinAutoConfiguration - mybatis plus join properties config complete
2025-04-18 15:29:45.287 [main] INFO  c.g.y.a.MybatisPlusJoinAutoConfiguration - mybatis plus join SqlInjector init
2025-04-18 15:29:45.955 [main] INFO  o.a.coyote.http11.Http11NioProtocol - Starting ProtocolHandler ["http-nio-4415"]
2025-04-18 15:29:45.977 [main] INFO  o.s.b.w.e.tomcat.TomcatWebServer - Tomcat started on port 4415 (http) with context path '/api'
2025-04-18 15:29:45.986 [main] INFO  b.d.s.SearchThinkDemoApplication - Started SearchThinkDemoApplication in 3.013 seconds (process running for 3.633)
2025-04-18 15:29:46.092 [main] INFO  c.alibaba.druid.pool.DruidDataSource - {dataSource-1} inited
2025-04-18 15:29:50.032 [http-nio-4415-exec-4] INFO  o.a.c.c.C.[.[localhost].[/api] - Initializing Spring DispatcherServlet 'dispatcherServlet'
2025-04-18 15:29:50.033 [http-nio-4415-exec-4] INFO  o.s.web.servlet.DispatcherServlet - Initializing Servlet 'dispatcherServlet'
2025-04-18 15:29:50.034 [http-nio-4415-exec-4] INFO  o.s.web.servlet.DispatcherServlet - Completed initialization in 1 ms
2025-04-18 15:36:06.533 [SpringApplicationShutdownHook] INFO  o.s.b.w.e.tomcat.GracefulShutdown - Commencing graceful shutdown. Waiting for active requests to complete
2025-04-18 15:36:06.942 [tomcat-shutdown] INFO  o.s.b.w.e.tomcat.GracefulShutdown - Graceful shutdown complete
2025-04-18 15:36:06.951 [SpringApplicationShutdownHook] INFO  c.alibaba.druid.pool.DruidDataSource - {dataSource-1} closing ...
2025-04-18 15:36:06.953 [SpringApplicationShutdownHook] INFO  c.alibaba.druid.pool.DruidDataSource - {dataSource-1} closed
2025-04-18 15:36:10.979 [background-preinit] INFO  o.h.validator.internal.util.Version - HV000001: Hibernate Validator 8.0.2.Final
2025-04-18 15:36:11.029 [main] INFO  b.d.s.SearchThinkDemoApplication - Starting SearchThinkDemoApplication using Java 17.0.12 with PID 22784 (E:\Users\22190\Desktop\SearchThinkDemo\target\classes started by 22190 in E:\Users\22190\Desktop\SearchThinkDemo)
2025-04-18 15:36:11.030 [main] INFO  b.d.s.SearchThinkDemoApplication - The following 1 profile is active: "dev"
2025-04-18 15:36:11.734 [main] INFO  o.s.d.r.c.RepositoryConfigurationDelegate - Multiple Spring Data modules found, entering strict repository configuration mode
2025-04-18 15:36:11.737 [main] INFO  o.s.d.r.c.RepositoryConfigurationDelegate - Bootstrapping Spring Data Redis repositories in DEFAULT mode.
2025-04-18 15:36:11.768 [main] INFO  o.s.d.r.c.RepositoryConfigurationDelegate - Finished Spring Data repository scanning in 16 ms. Found 0 Redis repository interfaces.
2025-04-18 15:36:12.315 [main] INFO  o.s.b.w.e.tomcat.TomcatWebServer - Tomcat initialized with port 4415 (http)
2025-04-18 15:36:12.326 [main] INFO  o.a.coyote.http11.Http11NioProtocol - Initializing ProtocolHandler ["http-nio-4415"]
2025-04-18 15:36:12.327 [main] INFO  o.a.catalina.core.StandardService - Starting service [Tomcat]
2025-04-18 15:36:12.327 [main] INFO  o.a.catalina.core.StandardEngine - Starting Servlet engine: [Apache Tomcat/10.1.39]
2025-04-18 15:36:12.398 [main] INFO  o.a.c.c.C.[.[localhost].[/api] - Initializing Spring embedded WebApplicationContext
2025-04-18 15:36:12.399 [main] INFO  o.s.b.w.s.c.ServletWebServerApplicationContext - Root WebApplicationContext: initialization completed in 1327 ms
2025-04-18 15:36:12.693 [main] INFO  b.d.s.utils.redis.RedisUtils - ========================Redis初始化成功========================
2025-04-18 15:36:12.723 [main] INFO  c.g.y.a.MybatisPlusJoinAutoConfiguration - mybatis plus join properties config complete
2025-04-18 15:36:12.813 [main] INFO  c.g.y.a.MybatisPlusJoinAutoConfiguration - mybatis plus join SqlInjector init
2025-04-18 15:36:13.488 [main] INFO  o.a.coyote.http11.Http11NioProtocol - Starting ProtocolHandler ["http-nio-4415"]
2025-04-18 15:36:13.504 [main] INFO  o.s.b.w.e.tomcat.TomcatWebServer - Tomcat started on port 4415 (http) with context path '/api'
2025-04-18 15:36:13.515 [main] INFO  b.d.s.SearchThinkDemoApplication - Started SearchThinkDemoApplication in 2.992 seconds (process running for 3.634)
2025-04-18 15:36:13.624 [main] INFO  c.alibaba.druid.pool.DruidDataSource - {dataSource-1} inited
2025-04-18 15:36:15.839 [http-nio-4415-exec-1] INFO  o.a.c.c.C.[.[localhost].[/api] - Initializing Spring DispatcherServlet 'dispatcherServlet'
2025-04-18 15:36:15.839 [http-nio-4415-exec-1] INFO  o.s.web.servlet.DispatcherServlet - Initializing Servlet 'dispatcherServlet'
2025-04-18 15:36:15.840 [http-nio-4415-exec-1] INFO  o.s.web.servlet.DispatcherServlet - Completed initialization in 1 ms
2025-04-18 15:38:45.863 [SpringApplicationShutdownHook] INFO  o.s.b.w.e.tomcat.GracefulShutdown - Commencing graceful shutdown. Waiting for active requests to complete
2025-04-18 15:38:46.233 [tomcat-shutdown] INFO  o.s.b.w.e.tomcat.GracefulShutdown - Graceful shutdown complete
2025-04-18 15:38:46.242 [SpringApplicationShutdownHook] INFO  c.alibaba.druid.pool.DruidDataSource - {dataSource-1} closing ...
2025-04-18 15:38:46.244 [SpringApplicationShutdownHook] INFO  c.alibaba.druid.pool.DruidDataSource - {dataSource-1} closed
2025-04-18 15:38:48.626 [background-preinit] INFO  o.h.validator.internal.util.Version - HV000001: Hibernate Validator 8.0.2.Final
2025-04-18 15:38:48.680 [main] INFO  b.d.s.SearchThinkDemoApplication - Starting SearchThinkDemoApplication using Java 17.0.12 with PID 32824 (E:\Users\22190\Desktop\SearchThinkDemo\target\classes started by 22190 in E:\Users\22190\Desktop\SearchThinkDemo)
2025-04-18 15:38:48.681 [main] INFO  b.d.s.SearchThinkDemoApplication - The following 1 profile is active: "dev"
2025-04-18 15:38:49.394 [main] INFO  o.s.d.r.c.RepositoryConfigurationDelegate - Multiple Spring Data modules found, entering strict repository configuration mode
2025-04-18 15:38:49.396 [main] INFO  o.s.d.r.c.RepositoryConfigurationDelegate - Bootstrapping Spring Data Redis repositories in DEFAULT mode.
2025-04-18 15:38:49.428 [main] INFO  o.s.d.r.c.RepositoryConfigurationDelegate - Finished Spring Data repository scanning in 17 ms. Found 0 Redis repository interfaces.
2025-04-18 15:38:49.966 [main] INFO  o.s.b.w.e.tomcat.TomcatWebServer - Tomcat initialized with port 4415 (http)
2025-04-18 15:38:49.979 [main] INFO  o.a.coyote.http11.Http11NioProtocol - Initializing ProtocolHandler ["http-nio-4415"]
2025-04-18 15:38:49.980 [main] INFO  o.a.catalina.core.StandardService - Starting service [Tomcat]
2025-04-18 15:38:49.981 [main] INFO  o.a.catalina.core.StandardEngine - Starting Servlet engine: [Apache Tomcat/10.1.39]
2025-04-18 15:38:50.056 [main] INFO  o.a.c.c.C.[.[localhost].[/api] - Initializing Spring embedded WebApplicationContext
2025-04-18 15:38:50.056 [main] INFO  o.s.b.w.s.c.ServletWebServerApplicationContext - Root WebApplicationContext: initialization completed in 1334 ms
2025-04-18 15:38:50.367 [main] INFO  b.d.s.utils.redis.RedisUtils - ========================Redis初始化成功========================
2025-04-18 15:38:50.397 [main] INFO  c.g.y.a.MybatisPlusJoinAutoConfiguration - mybatis plus join properties config complete
2025-04-18 15:38:50.488 [main] INFO  c.g.y.a.MybatisPlusJoinAutoConfiguration - mybatis plus join SqlInjector init
2025-04-18 15:38:51.197 [main] INFO  o.a.coyote.http11.Http11NioProtocol - Starting ProtocolHandler ["http-nio-4415"]
2025-04-18 15:38:51.214 [main] INFO  o.s.b.w.e.tomcat.TomcatWebServer - Tomcat started on port 4415 (http) with context path '/api'
2025-04-18 15:38:51.226 [main] INFO  b.d.s.SearchThinkDemoApplication - Started SearchThinkDemoApplication in 3.075 seconds (process running for 3.705)
2025-04-18 15:38:51.323 [main] INFO  c.alibaba.druid.pool.DruidDataSource - {dataSource-1} inited
2025-04-18 15:38:54.534 [http-nio-4415-exec-1] INFO  o.a.c.c.C.[.[localhost].[/api] - Initializing Spring DispatcherServlet 'dispatcherServlet'
2025-04-18 15:38:54.535 [http-nio-4415-exec-1] INFO  o.s.web.servlet.DispatcherServlet - Initializing Servlet 'dispatcherServlet'
2025-04-18 15:38:54.535 [http-nio-4415-exec-1] INFO  o.s.web.servlet.DispatcherServlet - Completed initialization in 0 ms
2025-04-18 15:41:16.505 [http-nio-4415-exec-7] INFO  o.s.api.AbstractOpenApiResource - Init duration for springdoc-openapi is: 196 ms
2025-04-18 15:49:24.375 [SpringApplicationShutdownHook] INFO  o.s.b.w.e.tomcat.GracefulShutdown - Commencing graceful shutdown. Waiting for active requests to complete
2025-04-18 15:49:24.776 [tomcat-shutdown] INFO  o.s.b.w.e.tomcat.GracefulShutdown - Graceful shutdown complete
2025-04-18 15:49:24.788 [SpringApplicationShutdownHook] INFO  c.alibaba.druid.pool.DruidDataSource - {dataSource-1} closing ...
2025-04-18 15:49:24.790 [SpringApplicationShutdownHook] INFO  c.alibaba.druid.pool.DruidDataSource - {dataSource-1} closed
2025-04-18 16:33:06.736 [background-preinit] INFO  o.h.validator.internal.util.Version - HV000001: Hibernate Validator 8.0.2.Final
2025-04-18 16:33:06.788 [main] INFO  b.d.s.SearchThinkDemoApplication - Starting SearchThinkDemoApplication using Java 17.0.12 with PID 26484 (E:\Users\22190\Desktop\SearchThinkDemo\target\classes started by 22190 in E:\Users\22190\Desktop\SearchThinkDemo)
2025-04-18 16:33:06.789 [main] INFO  b.d.s.SearchThinkDemoApplication - The following 1 profile is active: "dev"
2025-04-18 16:33:07.550 [main] INFO  o.s.d.r.c.RepositoryConfigurationDelegate - Multiple Spring Data modules found, entering strict repository configuration mode
2025-04-18 16:33:07.552 [main] INFO  o.s.d.r.c.RepositoryConfigurationDelegate - Bootstrapping Spring Data Redis repositories in DEFAULT mode.
2025-04-18 16:33:07.585 [main] INFO  o.s.d.r.c.RepositoryConfigurationDelegate - Finished Spring Data repository scanning in 18 ms. Found 0 Redis repository interfaces.
2025-04-18 16:33:08.142 [main] INFO  o.s.b.w.e.tomcat.TomcatWebServer - Tomcat initialized with port 4415 (http)
2025-04-18 16:33:08.153 [main] INFO  o.a.coyote.http11.Http11NioProtocol - Initializing ProtocolHandler ["http-nio-4415"]
2025-04-18 16:33:08.154 [main] INFO  o.a.catalina.core.StandardService - Starting service [Tomcat]
2025-04-18 16:33:08.155 [main] INFO  o.a.catalina.core.StandardEngine - Starting Servlet engine: [Apache Tomcat/10.1.39]
2025-04-18 16:33:08.229 [main] INFO  o.a.c.c.C.[.[localhost].[/api] - Initializing Spring embedded WebApplicationContext
2025-04-18 16:33:08.229 [main] INFO  o.s.b.w.s.c.ServletWebServerApplicationContext - Root WebApplicationContext: initialization completed in 1395 ms
2025-04-18 16:33:08.538 [main] INFO  b.d.s.utils.redis.RedisUtils - ========================Redis初始化成功========================
2025-04-18 16:33:08.563 [main] INFO  c.g.y.a.MybatisPlusJoinAutoConfiguration - mybatis plus join properties config complete
2025-04-18 16:33:08.659 [main] INFO  c.g.y.a.MybatisPlusJoinAutoConfiguration - mybatis plus join SqlInjector init
2025-04-18 16:33:09.339 [main] INFO  o.a.coyote.http11.Http11NioProtocol - Starting ProtocolHandler ["http-nio-4415"]
2025-04-18 16:33:09.361 [main] INFO  o.s.b.w.e.tomcat.TomcatWebServer - Tomcat started on port 4415 (http) with context path '/api'
2025-04-18 16:33:09.372 [main] INFO  b.d.s.SearchThinkDemoApplication - Started SearchThinkDemoApplication in 3.123 seconds (process running for 3.75)
2025-04-18 16:33:09.467 [main] INFO  c.alibaba.druid.pool.DruidDataSource - {dataSource-1} inited
2025-04-18 16:36:33.770 [http-nio-4415-exec-1] INFO  o.a.c.c.C.[.[localhost].[/api] - Initializing Spring DispatcherServlet 'dispatcherServlet'
2025-04-18 16:36:33.770 [http-nio-4415-exec-1] INFO  o.s.web.servlet.DispatcherServlet - Initializing Servlet 'dispatcherServlet'
2025-04-18 16:36:33.772 [http-nio-4415-exec-1] INFO  o.s.web.servlet.DispatcherServlet - Completed initialization in 2 ms
2025-04-18 16:36:34.347 [http-nio-4415-exec-6] INFO  o.s.api.AbstractOpenApiResource - Init duration for springdoc-openapi is: 244 ms
2025-04-18 16:42:40.977 [SpringApplicationShutdownHook] INFO  o.s.b.w.e.tomcat.GracefulShutdown - Commencing graceful shutdown. Waiting for active requests to complete
2025-04-18 16:42:41.350 [tomcat-shutdown] INFO  o.s.b.w.e.tomcat.GracefulShutdown - Graceful shutdown complete
2025-04-18 16:42:41.363 [SpringApplicationShutdownHook] INFO  c.alibaba.druid.pool.DruidDataSource - {dataSource-1} closing ...
2025-04-18 16:42:41.365 [SpringApplicationShutdownHook] INFO  c.alibaba.druid.pool.DruidDataSource - {dataSource-1} closed
